\BOOKMARK [0][-]{section*.1}{\376\377\000D\000e\000c\000l\000a\000r\000a\000t\000i\000o\000n\000\040\000o\000f\000\040\000A\000u\000t\000h\000o\000r\000s\000h\000i\000p}{}% 1
\BOOKMARK [0][-]{section*.2}{\376\377\000R\000e\000s\000p\000o\000n\000s\000i\000b\000i\000l\000i\000t\000y\000\040\000A\000l\000l\000o\000c\000a\000t\000i\000o\000n}{}% 2
\BOOKMARK [0][-]{section*.3}{\376\377\000A\000b\000s\000t\000r\000a\000c\000t}{}% 3
\BOOKMARK [0][-]{section*.4}{\376\377\000A\000c\000k\000n\000o\000w\000l\000e\000d\000g\000e\000m\000e\000n\000t\000s}{}% 4
\BOOKMARK [0][-]{chapter.7}{\376\377\000I\000n\000t\000r\000o\000d\000u\000c\000t\000i\000o\000n}{}% 5
\BOOKMARK [1][-]{section.8}{\376\377\000A\000n\000n\000i\000h\000i\000l\000a\000t\000i\000o\000n\000\040\000G\000a\000m\000m\000a\000\040\000R\000a\000y\000\040\000L\000a\000s\000e\000r}{chapter.7}% 6
\BOOKMARK [0][-]{chapter.9}{\376\377\000P\000o\000s\000i\000t\000r\000o\000n\000\040\000a\000n\000d\000\040\000P\000o\000s\000i\000t\000r\000o\000n\000i\000u\000m\000\040\000P\000r\000o\000d\000u\000c\000t\000i\000o\000n\000\040\000a\000n\000d\000\040\000S\000t\000o\000r\000a\000g\000e}{}% 7
\BOOKMARK [1][-]{section.10}{\376\377\000P\000o\000l\000a\000r\000i\000z\000e\000d\000\040\000P\000o\000s\000i\000t\000r\000o\000n\000\040\000S\000o\000u\000r\000c\000e\000s}{chapter.9}% 8
\BOOKMARK [1][-]{section.15}{\376\377\000F\000u\000e\000l\000\040\000P\000r\000o\000d\000u\000c\000t\000i\000o\000n}{chapter.9}% 9
\BOOKMARK [1][-]{section.21}{\376\377\000A\000c\000c\000u\000m\000u\000l\000a\000t\000i\000o\000n\000\040\000o\000f\000\040\000P\000o\000s\000i\000t\000r\000o\000n\000s}{chapter.9}% 10
\BOOKMARK [1][-]{section.22}{\376\377\000T\000h\000e\000\040\000P\000e\000n\000n\000i\000n\000g\000-\000M\000a\000l\000m\000b\000e\000r\000g\000\040\000T\000r\000a\000p}{chapter.9}% 11
\BOOKMARK [1][-]{section.25}{\376\377\000D\000e\000c\000o\000u\000p\000l\000e\000d\000\040\000S\000u\000r\000k\000o\000-\000T\000r\000a\000p}{chapter.9}% 12
\BOOKMARK [1][-]{section.29}{\376\377\000B\000e\000a\000m\000\040\000C\000o\000n\000t\000r\000o\000l}{chapter.9}% 13
\BOOKMARK [1][-]{section.30}{\376\377\000F\000o\000r\000m\000a\000t\000i\000o\000n\000\040\000o\000f\000\040\000P\000o\000s\000i\000t\000r\000o\000n\000i\000u\000m\000\040\000A\000t\000o\000m\000s\000\040\000a\000n\000d\000\040\000M\000o\000l\000e\000c\000u\000l\000e\000s}{chapter.9}% 14
\BOOKMARK [0][-]{chapter.33}{\376\377\000A\000n\000\040\000A\000n\000t\000i\000m\000a\000t\000t\000e\000r\000\040\000B\000o\000s\000e\000-\000E\000i\000n\000s\000t\000e\000i\000n\000\040\000C\000o\000n\000d\000e\000n\000s\000a\000t\000e}{}% 15
\BOOKMARK [1][-]{section.34}{\376\377\000M\000a\000i\000n\000\040\000S\000e\000c\000t\000i\000o\000n\000\040\0001}{chapter.33}% 16
\BOOKMARK [2][-]{subsection.35}{\376\377\000S\000u\000b\000s\000e\000c\000t\000i\000o\000n\000\040\0001}{section.34}% 17
\BOOKMARK [2][-]{subsection.36}{\376\377\000S\000u\000b\000s\000e\000c\000t\000i\000o\000n\000\040\0002}{section.34}% 18
\BOOKMARK [1][-]{section.37}{\376\377\000M\000a\000i\000n\000\040\000S\000e\000c\000t\000i\000o\000n\000\040\0002}{chapter.33}% 19
\BOOKMARK [0][-]{chapter.38}{\376\377\000G\000a\000m\000m\000a\000\040\000R\000a\000y\000\040\000L\000a\000s\000e\000r\000:\000\040\000G\000a\000m\000m\000a\000\040\000R\000a\000y\000\040\000O\000p\000t\000i\000c\000s}{}% 20
\BOOKMARK [1][-]{section.39}{\376\377\000A\000\040\000S\000u\000m\000m\000a\000r\000y\000\040\000o\000f\000\040\000-\000r\000a\000y\000\040\000O\000p\000t\000i\000c\000s}{chapter.38}% 21
\BOOKMARK [1][-]{section.40}{\376\377\000T\000h\000e\000o\000r\000y\000\040\000o\000f\000\040\000-\000r\000a\000y\000\040\000O\000p\000t\000i\000c\000s}{chapter.38}% 22
\BOOKMARK [1][-]{section.48}{\376\377\000D\000e\000v\000e\000l\000o\000p\000m\000e\000n\000t\000\040\000o\000f\000\040\000-\000r\000a\000y\000\040\000O\000p\000t\000i\000c\000s}{chapter.38}% 23
\BOOKMARK [0][-]{chapter.50}{\376\377\000G\000a\000m\000m\000a\000\040\000R\000a\000y\000\040\000L\000a\000s\000e\000r\000:\000\040\000U\000n\000r\000e\000s\000o\000l\0